# Generated by the VisualDSP++ IDDE (Tue Nov 24 09:39:29 2020)
# Project File: C:\Users\DiogoMarchi\Documents\FACULDADE-MATERIAS\Processador-Digital-de-sinais\aula-12\exemplos_blk\mediaMovel\mediaMovel_c\mediaMovel_c.dpj

"C:\Program Files (x86)\Analog Devices\VisualDSP 5.1.1\ccblkfn.exe" -c .\main.c -file-attr ProjectName=mediaMovel_c -g -structs-do-not-overlap -no-multiline -double-size-32 -decls-strong -warn-protos -proc ADSP-BF533 -o .\Debug\main.doj -MM
".\coefs_mm_8.txt", line 9: cc0001: {D} warning: last line of file ends
          without a newline
    
    ^

".\main.c", line 35: cc0169:  error: expected a declaration
    if ((out_file = fopen("..\\sai_sweep_mm_8.pcm","wb"))==NULL)
    ^

".\main.c", line 69: cc0012: {D} warning: parsing restarts here after previous
          syntax error
  saida = (short) y;
                   ^

".\main.c", line 72: cc0079:  error: expected a type specifier
          fwrite(&saida,sizeof(short),1,out_file);
                 ^

".\main.c", line 72: cc0079:  error: expected a type specifier
          fwrite(&saida,sizeof(short),1,out_file);
                        ^

".\main.c", line 72: cc0079:  error: expected a type specifier
          fwrite(&saida,sizeof(short),1,out_file);
                                      ^

".\main.c", line 72: cc0020:  error: identifier "out_file" is undefined
          fwrite(&saida,sizeof(short),1,out_file);
                                        ^

".\main.c", line 72: cc0077: {D} warning: this declaration has no storage
          class or type specifier
          fwrite(&saida,sizeof(short),1,out_file);
          ^

".\main.c", line 72: cc0147:  error: declaration is incompatible with
          "size_t fwrite(const void *, size_t, size_t, FILE *)" (declared at
          line 196 of "C:\Program Files (x86)\Analog Devices\VisualDSP
          5.1.1\Blackfin\include\stdio.h")
          fwrite(&saida,sizeof(short),1,out_file);
          ^

".\main.c", line 74: cc0169:  error: expected a declaration
   } while (n_amost);
   ^

".\main.c", line 78: cc0077: {D} warning: this declaration has no storage
          class or type specifier
     fclose(out_file);
     ^

".\main.c", line 78: cc0092: {D} warning: identifier-list parameters may only
          be used in a function definition
     fclose(out_file);
     ^

".\main.c", line 79: cc0077: {D} warning: this declaration has no storage
          class or type specifier
     fclose(in_file);
     ^

".\main.c", line 79: cc0092: {D} warning: identifier-list parameters may only
          be used in a function definition
     fclose(in_file);
     ^

".\main.c", line 80: cc0169:  error: expected a declaration
     return 0;
     ^

".\main.c", line 81: cc0169:  error: expected a declaration
  }
  ^

9 errors detected in the compilation of ".\main.c".
cc3089: fatal error: Compilation failed
Tool failed with exit/exception code: 1.
